[debug] [2025-09-07T13:59:01.184Z] ----------------------------------------------------------------------
[debug] [2025-09-07T13:59:01.185Z] Command:       C:\Program Files\nodejs\node.exe C:\Users\TEST_PC\AppData\Roaming\npm\node_modules\firebase-tools\lib\bin\firebase.js emulators:start
[debug] [2025-09-07T13:59:01.186Z] CLI Version:   14.15.2
[debug] [2025-09-07T13:59:01.186Z] Platform:      win32
[debug] [2025-09-07T13:59:01.186Z] Node Version:  v22.17.0
[debug] [2025-09-07T13:59:01.186Z] Time:          Sun Sep 07 2025 23:59:01 GMT+1000 (Australian Eastern Standard Time)
[debug] [2025-09-07T13:59:01.186Z] ----------------------------------------------------------------------
[debug] 
[debug] [2025-09-07T13:59:01.350Z] > command requires scopes: ["email","openid","https://www.googleapis.com/auth/cloudplatformprojects.readonly","https://www.googleapis.com/auth/firebase","https://www.googleapis.com/auth/cloud-platform"]
[debug] [2025-09-07T13:59:01.351Z] > authorizing via signed-in user (alistairhutson@gmail.com)
[debug] [2025-09-07T13:59:01.394Z] openjdk version "17.0.16" 2025-07-15

[debug] [2025-09-07T13:59:01.394Z] OpenJDK Runtime Environment Temurin-17.0.16+8 (build 17.0.16+8)
OpenJDK 64-Bit Server VM Temurin-17.0.16+8 (build 17.0.16+8, mixed mode, sharing)

[debug] [2025-09-07T13:59:01.413Z] Parsed Java major version: 17
[info] i  emulators: Starting emulators: auth, firestore, storage {"metadata":{"emulator":{"name":"hub"},"message":"Starting emulators: auth, firestore, storage"}}
[debug] [2025-09-07T13:59:01.423Z] [logging] Logging Emulator only supports listening on one address (127.0.0.1). Not listening on ::1
[debug] [2025-09-07T13:59:01.423Z] [auth] Authentication Emulator only supports listening on one address (127.0.0.1). Not listening on ::1
[debug] [2025-09-07T13:59:01.423Z] [firestore] Firestore Emulator only supports listening on one address (127.0.0.1). Not listening on ::1
[debug] [2025-09-07T13:59:01.423Z] [firestore.websocket] websocket server for firestore only supports listening on one address (127.0.0.1). Not listening on ::1
[debug] [2025-09-07T13:59:01.423Z] [storage] Storage Emulator only supports listening on one address (127.0.0.1). Not listening on ::1
[debug] [2025-09-07T13:59:01.423Z] assigned listening specs for emulators {"user":{"hub":[{"address":"127.0.0.1","family":"IPv4","port":4400},{"address":"::1","family":"IPv6","port":4400}],"ui":[{"address":"127.0.0.1","family":"IPv4","port":4000},{"address":"::1","family":"IPv6","port":4000}],"logging":[{"address":"127.0.0.1","family":"IPv4","port":4500}],"auth":[{"address":"127.0.0.1","family":"IPv4","port":9099}],"firestore":[{"address":"127.0.0.1","family":"IPv4","port":8080}],"firestore.websocket":[{"address":"127.0.0.1","family":"IPv4","port":9150}],"storage":[{"address":"127.0.0.1","family":"IPv4","port":9199}]},"metadata":{"message":"assigned listening specs for emulators"}}
[debug] [2025-09-07T13:59:01.427Z] [hub] writing locator at C:\Users\TEST_PC\AppData\Local\Temp\hub-pursuitiq-f3f66.json
[info] i  firestore: downloading cloud-firestore-emulator-v1.19.8.jar... {"metadata":{"emulator":{"name":"firestore"},"message":"downloading cloud-firestore-emulator-v1.19.8.jar..."}}
[debug] [2025-09-07T13:59:01.435Z] >>> [apiv2][query] GET https://storage.googleapis.com/firebase-preview-drop/emulator/cloud-firestore-emulator-v1.19.8.jar 
[debug] [2025-09-07T13:59:01.912Z] <<< [apiv2][status] GET https://storage.googleapis.com/firebase-preview-drop/emulator/cloud-firestore-emulator-v1.19.8.jar 200
[debug] [2025-09-07T13:59:01.912Z] <<< [apiv2][body] GET https://storage.googleapis.com/firebase-preview-drop/emulator/cloud-firestore-emulator-v1.19.8.jar [stream]
[debug] [2025-09-07T13:59:29.820Z] Ignoring unsupported arg: auto_download {"metadata":{"emulator":{"name":"firestore"},"message":"Ignoring unsupported arg: auto_download"}}
[debug] [2025-09-07T13:59:29.820Z] Ignoring unsupported arg: single_project_mode_error {"metadata":{"emulator":{"name":"firestore"},"message":"Ignoring unsupported arg: single_project_mode_error"}}
[debug] [2025-09-07T13:59:29.820Z] Starting Firestore Emulator with command {"binary":"java","args":["-Dgoogle.cloud_firestore.debug_log_level=FINE","-Duser.language=en","-jar","C:\\Users\\TEST_PC\\.cache\\firebase\\emulators\\cloud-firestore-emulator-v1.19.8.jar","--host","127.0.0.1","--port",8080,"--websocket_port",9150,"--project_id","pursuitiq-f3f66","--rules","C:\\Users\\TEST_PC\\OneDrive\\Desktop\\AI_Projects\\pursuitiq\\firestore.rules","--single_project_mode",true],"optionalArgs":["port","webchannel_port","host","rules","websocket_port","functions_emulator","seed_from_export","project_id","single_project_mode"],"joinArgs":false,"shell":false,"port":8080} {"metadata":{"emulator":{"name":"firestore"},"message":"Starting Firestore Emulator with command {\"binary\":\"java\",\"args\":[\"-Dgoogle.cloud_firestore.debug_log_level=FINE\",\"-Duser.language=en\",\"-jar\",\"C:\\\\Users\\\\TEST_PC\\\\.cache\\\\firebase\\\\emulators\\\\cloud-firestore-emulator-v1.19.8.jar\",\"--host\",\"127.0.0.1\",\"--port\",8080,\"--websocket_port\",9150,\"--project_id\",\"pursuitiq-f3f66\",\"--rules\",\"C:\\\\Users\\\\TEST_PC\\\\OneDrive\\\\Desktop\\\\AI_Projects\\\\pursuitiq\\\\firestore.rules\",\"--single_project_mode\",true],\"optionalArgs\":[\"port\",\"webchannel_port\",\"host\",\"rules\",\"websocket_port\",\"functions_emulator\",\"seed_from_export\",\"project_id\",\"single_project_mode\"],\"joinArgs\":false,\"shell\":false,\"port\":8080}"}}
[info] i  firestore: Firestore Emulator logging to firestore-debug.log {"metadata":{"emulator":{"name":"firestore"},"message":"Firestore Emulator logging to \u001b[1mfirestore-debug.log\u001b[22m"}}
[debug] [2025-09-07T13:59:30.750Z] Sept 07, 2025 11:59:30 PM com.google.cloud.datastore.emulator.firestore.websocket.WebSocketServer start
INFO: Started WebSocket server on ws://127.0.0.1:9150
 {"metadata":{"emulator":{"name":"firestore"},"message":"Sept 07, 2025 11:59:30 PM com.google.cloud.datastore.emulator.firestore.websocket.WebSocketServer start\r\nINFO: Started WebSocket server on ws://127.0.0.1:9150\r\n"}}
[debug] [2025-09-07T13:59:30.809Z] API endpoint: http://127.0.0.1:8080
If you are using a library that supports the FIRESTORE_EMULATOR_HOST environment variable, run:

   export FIRESTORE_EMULATOR_HOST=127.0.0.1:8080

If you are running a Firestore in Datastore Mode project, run:
 {"metadata":{"emulator":{"name":"firestore"},"message":"API endpoint: http://127.0.0.1:8080\nIf you are using a library that supports the FIRESTORE_EMULATOR_HOST environment variable, run:\r\n\n   export FIRESTORE_EMULATOR_HOST=127.0.0.1:8080\n\nIf you are running a Firestore in Datastore Mode project, run:\r\n"}}
[debug] [2025-09-07T13:59:30.810Z] 
   export DATASTORE_EMULATOR_HOST=127.0.0.1:8080

Note: Support for Datastore Mode is in preview. If you encounter any bugs please file at https://github.com/firebase/firebase-tools/issues.
Dev App Server is now running.

 {"metadata":{"emulator":{"name":"firestore"},"message":"\n   export DATASTORE_EMULATOR_HOST=127.0.0.1:8080\n\nNote: Support for Datastore Mode is in preview. If you encounter any bugs please file at https://github.com/firebase/firebase-tools/issues.\r\nDev App Server is now running.\n\r\n"}}
[info] +  firestore: Firestore Emulator UI websocket is running on 9150. {"metadata":{"emulator":{"name":"firestore"},"message":"Firestore Emulator UI websocket is running on 9150."}}
[info] i  storage: downloading cloud-storage-rules-runtime-v1.1.3.jar... {"metadata":{"emulator":{"name":"storage"},"message":"downloading cloud-storage-rules-runtime-v1.1.3.jar..."}}
[debug] [2025-09-07T13:59:35.109Z] >>> [apiv2][query] GET https://storage.googleapis.com/firebase-preview-drop/emulator/cloud-storage-rules-runtime-v1.1.3.jar 
[debug] [2025-09-07T13:59:35.527Z] <<< [apiv2][status] GET https://storage.googleapis.com/firebase-preview-drop/emulator/cloud-storage-rules-runtime-v1.1.3.jar 200
[debug] [2025-09-07T13:59:35.528Z] <<< [apiv2][body] GET https://storage.googleapis.com/firebase-preview-drop/emulator/cloud-storage-rules-runtime-v1.1.3.jar [stream]
[debug] [2025-09-07T13:59:59.886Z] Ignoring unsupported arg: port {"metadata":{"emulator":{"name":"storage"},"message":"Ignoring unsupported arg: port"}}
[debug] [2025-09-07T14:00:00.474Z] Temp file directory for storage emulator: C:\Users\TEST_PC\AppData\Local\Temp/firebase/storage/blobs {"metadata":{"emulator":{"name":"storage"},"message":"Temp file directory for storage emulator: C:\\Users\\TEST_PC\\AppData\\Local\\Temp/firebase/storage/blobs"}}
[info] i  ui: downloading ui-v1.15.0.zip... {"metadata":{"emulator":{"name":"ui"},"message":"downloading ui-v1.15.0.zip..."}}
[debug] [2025-09-07T14:00:00.486Z] >>> [apiv2][query] GET https://storage.googleapis.com/firebase-preview-drop/emulator/ui-v1.15.0.zip 
[debug] [2025-09-07T14:00:00.691Z] <<< [apiv2][status] GET https://storage.googleapis.com/firebase-preview-drop/emulator/ui-v1.15.0.zip 200
[debug] [2025-09-07T14:00:00.691Z] <<< [apiv2][body] GET https://storage.googleapis.com/firebase-preview-drop/emulator/ui-v1.15.0.zip [stream]
[debug] [2025-09-07T14:00:02.503Z] Data is 3538469
[debug] [2025-09-07T14:00:02.504Z] [unzip] Entry: client/ (compressed_size=0 bytes, uncompressed_size=0 bytes)
[debug] [2025-09-07T14:00:02.504Z] [unzip] Processing entry: client\
[debug] [2025-09-07T14:00:02.504Z] [unzip] mkdir: C:\Users\TEST_PC\.cache\firebase\emulators\ui-v1.15.0\client\
[debug] [2025-09-07T14:00:02.505Z] [unzip] Entry: client/favicon-16x16.png (compressed_size=293 bytes, uncompressed_size=293 bytes)
[debug] [2025-09-07T14:00:02.505Z] [unzip] Processing entry: client\favicon-16x16.png
[debug] [2025-09-07T14:00:02.505Z] [unzip] else mkdir: C:\Users\TEST_PC\.cache\firebase\emulators\ui-v1.15.0\client
[debug] [2025-09-07T14:00:02.505Z] [unzip] Writing file: C:\Users\TEST_PC\.cache\firebase\emulators\ui-v1.15.0\client\favicon-16x16.png
[debug] [2025-09-07T14:00:02.506Z] [unzip] Entry: client/safari-pinned-tab.svg (compressed_size=1433 bytes, uncompressed_size=2611 bytes)
[debug] [2025-09-07T14:00:02.506Z] [unzip] Processing entry: client\safari-pinned-tab.svg
[debug] [2025-09-07T14:00:02.506Z] [unzip] else mkdir: C:\Users\TEST_PC\.cache\firebase\emulators\ui-v1.15.0\client
[debug] [2025-09-07T14:00:02.506Z] [unzip] deflating: C:\Users\TEST_PC\.cache\firebase\emulators\ui-v1.15.0\client\safari-pinned-tab.svg
[debug] [2025-09-07T14:00:02.511Z] [unzip] Entry: client/favicon.ico (compressed_size=2933 bytes, uncompressed_size=13294 bytes)
[debug] [2025-09-07T14:00:02.511Z] [unzip] Processing entry: client\favicon.ico
[debug] [2025-09-07T14:00:02.511Z] [unzip] else mkdir: C:\Users\TEST_PC\.cache\firebase\emulators\ui-v1.15.0\client
[debug] [2025-09-07T14:00:02.511Z] [unzip] deflating: C:\Users\TEST_PC\.cache\firebase\emulators\ui-v1.15.0\client\favicon.ico
[debug] [2025-09-07T14:00:02.513Z] [unzip] Entry: client/index.html (compressed_size=1364 bytes, uncompressed_size=3071 bytes)
[debug] [2025-09-07T14:00:02.513Z] [unzip] Processing entry: client\index.html
[debug] [2025-09-07T14:00:02.513Z] [unzip] else mkdir: C:\Users\TEST_PC\.cache\firebase\emulators\ui-v1.15.0\client
[debug] [2025-09-07T14:00:02.513Z] [unzip] deflating: C:\Users\TEST_PC\.cache\firebase\emulators\ui-v1.15.0\client\index.html
[debug] [2025-09-07T14:00:02.514Z] [unzip] Entry: client/android-chrome-192x192.png (compressed_size=2684 bytes, uncompressed_size=2684 bytes)
[debug] [2025-09-07T14:00:02.514Z] [unzip] Processing entry: client\android-chrome-192x192.png
[debug] [2025-09-07T14:00:02.514Z] [unzip] else mkdir: C:\Users\TEST_PC\.cache\firebase\emulators\ui-v1.15.0\client
[debug] [2025-09-07T14:00:02.514Z] [unzip] Writing file: C:\Users\TEST_PC\.cache\firebase\emulators\ui-v1.15.0\client\android-chrome-192x192.png
[debug] [2025-09-07T14:00:02.515Z] [unzip] Entry: client/apple-touch-icon.png (compressed_size=2123 bytes, uncompressed_size=2152 bytes)
[debug] [2025-09-07T14:00:02.515Z] [unzip] Processing entry: client\apple-touch-icon.png
[debug] [2025-09-07T14:00:02.515Z] [unzip] else mkdir: C:\Users\TEST_PC\.cache\firebase\emulators\ui-v1.15.0\client
[debug] [2025-09-07T14:00:02.515Z] [unzip] deflating: C:\Users\TEST_PC\.cache\firebase\emulators\ui-v1.15.0\client\apple-touch-icon.png
[debug] [2025-09-07T14:00:02.516Z] [unzip] Entry: client/android-chrome-512x512.png (compressed_size=5369 bytes, uncompressed_size=5411 bytes)
[debug] [2025-09-07T14:00:02.516Z] [unzip] Processing entry: client\android-chrome-512x512.png
[debug] [2025-09-07T14:00:02.516Z] [unzip] else mkdir: C:\Users\TEST_PC\.cache\firebase\emulators\ui-v1.15.0\client
[debug] [2025-09-07T14:00:02.516Z] [unzip] deflating: C:\Users\TEST_PC\.cache\firebase\emulators\ui-v1.15.0\client\android-chrome-512x512.png
[debug] [2025-09-07T14:00:02.517Z] [unzip] Entry: client/manifest.json (compressed_size=245 bytes, uncompressed_size=551 bytes)
[debug] [2025-09-07T14:00:02.517Z] [unzip] Processing entry: client\manifest.json
[debug] [2025-09-07T14:00:02.517Z] [unzip] else mkdir: C:\Users\TEST_PC\.cache\firebase\emulators\ui-v1.15.0\client
[debug] [2025-09-07T14:00:02.517Z] [unzip] deflating: C:\Users\TEST_PC\.cache\firebase\emulators\ui-v1.15.0\client\manifest.json
[debug] [2025-09-07T14:00:02.519Z] [unzip] Entry: client/robots.txt (compressed_size=26 bytes, uncompressed_size=26 bytes)
[debug] [2025-09-07T14:00:02.519Z] [unzip] Processing entry: client\robots.txt
[debug] [2025-09-07T14:00:02.519Z] [unzip] else mkdir: C:\Users\TEST_PC\.cache\firebase\emulators\ui-v1.15.0\client
[debug] [2025-09-07T14:00:02.519Z] [unzip] Writing file: C:\Users\TEST_PC\.cache\firebase\emulators\ui-v1.15.0\client\robots.txt
[debug] [2025-09-07T14:00:02.519Z] [unzip] Entry: client/mstile-150x150.png (compressed_size=2034 bytes, uncompressed_size=2034 bytes)
[debug] [2025-09-07T14:00:02.519Z] [unzip] Processing entry: client\mstile-150x150.png
[debug] [2025-09-07T14:00:02.519Z] [unzip] else mkdir: C:\Users\TEST_PC\.cache\firebase\emulators\ui-v1.15.0\client
[debug] [2025-09-07T14:00:02.520Z] [unzip] Writing file: C:\Users\TEST_PC\.cache\firebase\emulators\ui-v1.15.0\client\mstile-150x150.png
[debug] [2025-09-07T14:00:02.520Z] [unzip] Entry: client/assets/ (compressed_size=0 bytes, uncompressed_size=0 bytes)
[debug] [2025-09-07T14:00:02.520Z] [unzip] Processing entry: client\assets\
[debug] [2025-09-07T14:00:02.520Z] [unzip] mkdir: C:\Users\TEST_PC\.cache\firebase\emulators\ui-v1.15.0\client\assets\
[debug] [2025-09-07T14:00:02.521Z] [unzip] Entry: client/assets/index-BX-A56oj.js (compressed_size=582089 bytes, uncompressed_size=2092775 bytes)
[debug] [2025-09-07T14:00:02.521Z] [unzip] Processing entry: client\assets\index-BX-A56oj.js
[debug] [2025-09-07T14:00:02.521Z] [unzip] else mkdir: C:\Users\TEST_PC\.cache\firebase\emulators\ui-v1.15.0\client\assets
[debug] [2025-09-07T14:00:02.521Z] [unzip] deflating: C:\Users\TEST_PC\.cache\firebase\emulators\ui-v1.15.0\client\assets\index-BX-A56oj.js
[debug] [2025-09-07T14:00:02.532Z] [unzip] Entry: client/assets/index-CjB9C900.css (compressed_size=35979 bytes, uncompressed_size=298654 bytes)
[debug] [2025-09-07T14:00:02.532Z] [unzip] Processing entry: client\assets\index-CjB9C900.css
[debug] [2025-09-07T14:00:02.532Z] [unzip] else mkdir: C:\Users\TEST_PC\.cache\firebase\emulators\ui-v1.15.0\client\assets
[debug] [2025-09-07T14:00:02.532Z] [unzip] deflating: C:\Users\TEST_PC\.cache\firebase\emulators\ui-v1.15.0\client\assets\index-CjB9C900.css
[debug] [2025-09-07T14:00:02.534Z] [unzip] Entry: client/assets/index-BX-A56oj.js.map (compressed_size=2362482 bytes, uncompressed_size=10036679 bytes)
[debug] [2025-09-07T14:00:02.535Z] [unzip] Processing entry: client\assets\index-BX-A56oj.js.map
[debug] [2025-09-07T14:00:02.535Z] [unzip] else mkdir: C:\Users\TEST_PC\.cache\firebase\emulators\ui-v1.15.0\client\assets
[debug] [2025-09-07T14:00:02.535Z] [unzip] deflating: C:\Users\TEST_PC\.cache\firebase\emulators\ui-v1.15.0\client\assets\index-BX-A56oj.js.map
[debug] [2025-09-07T14:00:02.589Z] [unzip] Entry: client/assets/extensions/ (compressed_size=0 bytes, uncompressed_size=0 bytes)
[debug] [2025-09-07T14:00:02.589Z] [unzip] Processing entry: client\assets\extensions\
[debug] [2025-09-07T14:00:02.590Z] [unzip] mkdir: C:\Users\TEST_PC\.cache\firebase\emulators\ui-v1.15.0\client\assets\extensions\
[debug] [2025-09-07T14:00:02.590Z] [unzip] Entry: client/assets/extensions/default-extension.png (compressed_size=1646 bytes, uncompressed_size=1657 bytes)
[debug] [2025-09-07T14:00:02.590Z] [unzip] Processing entry: client\assets\extensions\default-extension.png
[debug] [2025-09-07T14:00:02.590Z] [unzip] else mkdir: C:\Users\TEST_PC\.cache\firebase\emulators\ui-v1.15.0\client\assets\extensions
[debug] [2025-09-07T14:00:02.590Z] [unzip] deflating: C:\Users\TEST_PC\.cache\firebase\emulators\ui-v1.15.0\client\assets\extensions\default-extension.png
[debug] [2025-09-07T14:00:02.591Z] [unzip] Entry: client/assets/img/ (compressed_size=0 bytes, uncompressed_size=0 bytes)
[debug] [2025-09-07T14:00:02.591Z] [unzip] Processing entry: client\assets\img\
[debug] [2025-09-07T14:00:02.591Z] [unzip] mkdir: C:\Users\TEST_PC\.cache\firebase\emulators\ui-v1.15.0\client\assets\img\
[debug] [2025-09-07T14:00:02.592Z] [unzip] Entry: client/assets/img/database.png (compressed_size=29449 bytes, uncompressed_size=29988 bytes)
[debug] [2025-09-07T14:00:02.592Z] [unzip] Processing entry: client\assets\img\database.png
[debug] [2025-09-07T14:00:02.592Z] [unzip] else mkdir: C:\Users\TEST_PC\.cache\firebase\emulators\ui-v1.15.0\client\assets\img
[debug] [2025-09-07T14:00:02.592Z] [unzip] deflating: C:\Users\TEST_PC\.cache\firebase\emulators\ui-v1.15.0\client\assets\img\database.png
[debug] [2025-09-07T14:00:02.594Z] [unzip] Entry: client/assets/provider-icons/ (compressed_size=0 bytes, uncompressed_size=0 bytes)
[debug] [2025-09-07T14:00:02.594Z] [unzip] Processing entry: client\assets\provider-icons\
[debug] [2025-09-07T14:00:02.594Z] [unzip] mkdir: C:\Users\TEST_PC\.cache\firebase\emulators\ui-v1.15.0\client\assets\provider-icons\
[debug] [2025-09-07T14:00:02.594Z] [unzip] Entry: client/assets/provider-icons/auth_service_saml.svg (compressed_size=575 bytes, uncompressed_size=1226 bytes)
[debug] [2025-09-07T14:00:02.594Z] [unzip] Processing entry: client\assets\provider-icons\auth_service_saml.svg
[debug] [2025-09-07T14:00:02.594Z] [unzip] else mkdir: C:\Users\TEST_PC\.cache\firebase\emulators\ui-v1.15.0\client\assets\provider-icons
[debug] [2025-09-07T14:00:02.594Z] [unzip] deflating: C:\Users\TEST_PC\.cache\firebase\emulators\ui-v1.15.0\client\assets\provider-icons\auth_service_saml.svg
[debug] [2025-09-07T14:00:02.595Z] [unzip] Entry: client/assets/provider-icons/auth_service_phone.svg (compressed_size=261 bytes, uncompressed_size=414 bytes)
[debug] [2025-09-07T14:00:02.595Z] [unzip] Processing entry: client\assets\provider-icons\auth_service_phone.svg
[debug] [2025-09-07T14:00:02.595Z] [unzip] else mkdir: C:\Users\TEST_PC\.cache\firebase\emulators\ui-v1.15.0\client\assets\provider-icons
[debug] [2025-09-07T14:00:02.596Z] [unzip] deflating: C:\Users\TEST_PC\.cache\firebase\emulators\ui-v1.15.0\client\assets\provider-icons\auth_service_phone.svg
[debug] [2025-09-07T14:00:02.596Z] [unzip] Entry: client/assets/provider-icons/auth_service_facebook.svg (compressed_size=289 bytes, uncompressed_size=457 bytes)
[debug] [2025-09-07T14:00:02.596Z] [unzip] Processing entry: client\assets\provider-icons\auth_service_facebook.svg
[debug] [2025-09-07T14:00:02.596Z] [unzip] else mkdir: C:\Users\TEST_PC\.cache\firebase\emulators\ui-v1.15.0\client\assets\provider-icons
[debug] [2025-09-07T14:00:02.597Z] [unzip] deflating: C:\Users\TEST_PC\.cache\firebase\emulators\ui-v1.15.0\client\assets\provider-icons\auth_service_facebook.svg
[debug] [2025-09-07T14:00:02.598Z] [unzip] Entry: client/assets/provider-icons/auth_service_game_center.svg (compressed_size=991 bytes, uncompressed_size=3921 bytes)
[debug] [2025-09-07T14:00:02.598Z] [unzip] Processing entry: client\assets\provider-icons\auth_service_game_center.svg
[debug] [2025-09-07T14:00:02.598Z] [unzip] else mkdir: C:\Users\TEST_PC\.cache\firebase\emulators\ui-v1.15.0\client\assets\provider-icons
[debug] [2025-09-07T14:00:02.598Z] [unzip] deflating: C:\Users\TEST_PC\.cache\firebase\emulators\ui-v1.15.0\client\assets\provider-icons\auth_service_game_center.svg
[debug] [2025-09-07T14:00:02.599Z] [unzip] Entry: client/assets/provider-icons/auth_service_apple.svg (compressed_size=230 bytes, uncompressed_size=334 bytes)
[debug] [2025-09-07T14:00:02.599Z] [unzip] Processing entry: client\assets\provider-icons\auth_service_apple.svg
[debug] [2025-09-07T14:00:02.599Z] [unzip] else mkdir: C:\Users\TEST_PC\.cache\firebase\emulators\ui-v1.15.0\client\assets\provider-icons
[debug] [2025-09-07T14:00:02.599Z] [unzip] deflating: C:\Users\TEST_PC\.cache\firebase\emulators\ui-v1.15.0\client\assets\provider-icons\auth_service_apple.svg
[debug] [2025-09-07T14:00:02.600Z] [unzip] Entry: client/assets/provider-icons/auth_service_github.svg (compressed_size=466 bytes, uncompressed_size=838 bytes)
[debug] [2025-09-07T14:00:02.600Z] [unzip] Processing entry: client\assets\provider-icons\auth_service_github.svg
[debug] [2025-09-07T14:00:02.600Z] [unzip] else mkdir: C:\Users\TEST_PC\.cache\firebase\emulators\ui-v1.15.0\client\assets\provider-icons
[debug] [2025-09-07T14:00:02.600Z] [unzip] deflating: C:\Users\TEST_PC\.cache\firebase\emulators\ui-v1.15.0\client\assets\provider-icons\auth_service_github.svg
[debug] [2025-09-07T14:00:02.601Z] [unzip] Entry: client/assets/provider-icons/auth_service_mslive.svg (compressed_size=203 bytes, uncompressed_size=378 bytes)
[debug] [2025-09-07T14:00:02.601Z] [unzip] Processing entry: client\assets\provider-icons\auth_service_mslive.svg
[debug] [2025-09-07T14:00:02.601Z] [unzip] else mkdir: C:\Users\TEST_PC\.cache\firebase\emulators\ui-v1.15.0\client\assets\provider-icons
[debug] [2025-09-07T14:00:02.601Z] [unzip] deflating: C:\Users\TEST_PC\.cache\firebase\emulators\ui-v1.15.0\client\assets\provider-icons\auth_service_mslive.svg
[debug] [2025-09-07T14:00:02.602Z] [unzip] Entry: client/assets/provider-icons/auth_service_yahoo.svg (compressed_size=577 bytes, uncompressed_size=1182 bytes)
[debug] [2025-09-07T14:00:02.602Z] [unzip] Processing entry: client\assets\provider-icons\auth_service_yahoo.svg
[debug] [2025-09-07T14:00:02.602Z] [unzip] else mkdir: C:\Users\TEST_PC\.cache\firebase\emulators\ui-v1.15.0\client\assets\provider-icons
[debug] [2025-09-07T14:00:02.602Z] [unzip] deflating: C:\Users\TEST_PC\.cache\firebase\emulators\ui-v1.15.0\client\assets\provider-icons\auth_service_yahoo.svg
[debug] [2025-09-07T14:00:02.603Z] [unzip] Entry: client/assets/provider-icons/auth_service_twitter.svg (compressed_size=444 bytes, uncompressed_size=751 bytes)
[debug] [2025-09-07T14:00:02.603Z] [unzip] Processing entry: client\assets\provider-icons\auth_service_twitter.svg
[debug] [2025-09-07T14:00:02.603Z] [unzip] else mkdir: C:\Users\TEST_PC\.cache\firebase\emulators\ui-v1.15.0\client\assets\provider-icons
[debug] [2025-09-07T14:00:02.603Z] [unzip] deflating: C:\Users\TEST_PC\.cache\firebase\emulators\ui-v1.15.0\client\assets\provider-icons\auth_service_twitter.svg
[debug] [2025-09-07T14:00:02.604Z] [unzip] Entry: client/assets/provider-icons/auth_service_play_games.svg (compressed_size=565 bytes, uncompressed_size=1173 bytes)
[debug] [2025-09-07T14:00:02.605Z] [unzip] Processing entry: client\assets\provider-icons\auth_service_play_games.svg
[debug] [2025-09-07T14:00:02.605Z] [unzip] else mkdir: C:\Users\TEST_PC\.cache\firebase\emulators\ui-v1.15.0\client\assets\provider-icons
[debug] [2025-09-07T14:00:02.605Z] [unzip] deflating: C:\Users\TEST_PC\.cache\firebase\emulators\ui-v1.15.0\client\assets\provider-icons\auth_service_play_games.svg
[debug] [2025-09-07T14:00:02.607Z] [unzip] Entry: client/assets/provider-icons/auth_service_email.svg (compressed_size=228 bytes, uncompressed_size=326 bytes)
[debug] [2025-09-07T14:00:02.607Z] [unzip] Processing entry: client\assets\provider-icons\auth_service_email.svg
[debug] [2025-09-07T14:00:02.607Z] [unzip] else mkdir: C:\Users\TEST_PC\.cache\firebase\emulators\ui-v1.15.0\client\assets\provider-icons
[debug] [2025-09-07T14:00:02.607Z] [unzip] deflating: C:\Users\TEST_PC\.cache\firebase\emulators\ui-v1.15.0\client\assets\provider-icons\auth_service_email.svg
[debug] [2025-09-07T14:00:02.608Z] [unzip] Entry: client/assets/provider-icons/auth_service_google.svg (compressed_size=409 bytes, uncompressed_size=720 bytes)
[debug] [2025-09-07T14:00:02.608Z] [unzip] Processing entry: client\assets\provider-icons\auth_service_google.svg
[debug] [2025-09-07T14:00:02.608Z] [unzip] else mkdir: C:\Users\TEST_PC\.cache\firebase\emulators\ui-v1.15.0\client\assets\provider-icons
[debug] [2025-09-07T14:00:02.608Z] [unzip] deflating: C:\Users\TEST_PC\.cache\firebase\emulators\ui-v1.15.0\client\assets\provider-icons\auth_service_google.svg
[debug] [2025-09-07T14:00:02.609Z] [unzip] Entry: client/assets/provider-icons/auth_service_oidc.svg (compressed_size=414 bytes, uncompressed_size=858 bytes)
[debug] [2025-09-07T14:00:02.609Z] [unzip] Processing entry: client\assets\provider-icons\auth_service_oidc.svg
[debug] [2025-09-07T14:00:02.609Z] [unzip] else mkdir: C:\Users\TEST_PC\.cache\firebase\emulators\ui-v1.15.0\client\assets\provider-icons
[debug] [2025-09-07T14:00:02.610Z] [unzip] deflating: C:\Users\TEST_PC\.cache\firebase\emulators\ui-v1.15.0\client\assets\provider-icons\auth_service_oidc.svg
[debug] [2025-09-07T14:00:02.610Z] [unzip] Entry: client/browserconfig.xml (compressed_size=491 bytes, uncompressed_size=822 bytes)
[debug] [2025-09-07T14:00:02.611Z] [unzip] Processing entry: client\browserconfig.xml
[debug] [2025-09-07T14:00:02.611Z] [unzip] else mkdir: C:\Users\TEST_PC\.cache\firebase\emulators\ui-v1.15.0\client
[debug] [2025-09-07T14:00:02.611Z] [unzip] deflating: C:\Users\TEST_PC\.cache\firebase\emulators\ui-v1.15.0\client\browserconfig.xml
[debug] [2025-09-07T14:00:02.612Z] [unzip] Entry: client/favicon-32x32.png (compressed_size=475 bytes, uncompressed_size=475 bytes)
[debug] [2025-09-07T14:00:02.612Z] [unzip] Processing entry: client\favicon-32x32.png
[debug] [2025-09-07T14:00:02.612Z] [unzip] else mkdir: C:\Users\TEST_PC\.cache\firebase\emulators\ui-v1.15.0\client
[debug] [2025-09-07T14:00:02.612Z] [unzip] Writing file: C:\Users\TEST_PC\.cache\firebase\emulators\ui-v1.15.0\client\favicon-32x32.png
[debug] [2025-09-07T14:00:02.613Z] [unzip] Entry: server/ (compressed_size=0 bytes, uncompressed_size=0 bytes)
[debug] [2025-09-07T14:00:02.613Z] [unzip] Processing entry: server\
[debug] [2025-09-07T14:00:02.613Z] [unzip] mkdir: C:\Users\TEST_PC\.cache\firebase\emulators\ui-v1.15.0\server\
[debug] [2025-09-07T14:00:02.613Z] [unzip] Entry: server/server.mjs.map (compressed_size=217845 bytes, uncompressed_size=944978 bytes)
[debug] [2025-09-07T14:00:02.613Z] [unzip] Processing entry: server\server.mjs.map
[debug] [2025-09-07T14:00:02.613Z] [unzip] else mkdir: C:\Users\TEST_PC\.cache\firebase\emulators\ui-v1.15.0\server
[debug] [2025-09-07T14:00:02.614Z] [unzip] deflating: C:\Users\TEST_PC\.cache\firebase\emulators\ui-v1.15.0\server\server.mjs.map
[debug] [2025-09-07T14:00:02.620Z] [unzip] Entry: server/server.mjs (compressed_size=276407 bytes, uncompressed_size=933701 bytes)
[debug] [2025-09-07T14:00:02.620Z] [unzip] Processing entry: server\server.mjs
[debug] [2025-09-07T14:00:02.620Z] [unzip] else mkdir: C:\Users\TEST_PC\.cache\firebase\emulators\ui-v1.15.0\server
[debug] [2025-09-07T14:00:02.621Z] [unzip] deflating: C:\Users\TEST_PC\.cache\firebase\emulators\ui-v1.15.0\server\server.mjs
[debug] [2025-09-07T14:00:02.633Z] Could not find VSCode notification endpoint: FetchError: request to http://localhost:40001/vscode/notify failed, reason: . If you are not running the Firebase Data Connect VSCode extension, this is expected and not an issue.
[info] 
┌─────────────────────────────────────────────────────────────┐
│ ✔  All emulators ready! It is now safe to connect your app. │
│ i  View Emulator UI at http://127.0.0.1:4000/               │
└─────────────────────────────────────────────────────────────┘

┌────────────────┬────────────────┬─────────────────────────────────┐
│ Emulator       │ Host:Port      │ View in Emulator UI             │
├────────────────┼────────────────┼─────────────────────────────────┤
│ Authentication │ 127.0.0.1:9099 │ http://127.0.0.1:4000/auth      │
├────────────────┼────────────────┼─────────────────────────────────┤
│ Firestore      │ 127.0.0.1:8080 │ http://127.0.0.1:4000/firestore │
├────────────────┼────────────────┼─────────────────────────────────┤
│ Storage        │ 127.0.0.1:9199 │ http://127.0.0.1:4000/storage   │
└────────────────┴────────────────┴─────────────────────────────────┘
  Emulator Hub host: 127.0.0.1 port: 4400
  Other reserved ports: 4500, 9150

Issues? Report them at https://github.com/firebase/firebase-tools/issues and attach the *-debug.log files.
 
[debug] [2025-09-07T14:06:25.945Z] Sept 08, 2025 12:06:25 AM com.google.cloud.datastore.emulator.firestore.websocket.WebSocketChannelHandler initChannel
INFO: Connected to new websocket client
 {"metadata":{"emulator":{"name":"firestore"},"message":"Sept 08, 2025 12:06:25 AM com.google.cloud.datastore.emulator.firestore.websocket.WebSocketChannelHandler initChannel\r\nINFO: Connected to new websocket client\r\n"}}
[debug] [2025-09-07T14:27:45.057Z] Received signal SIGHUP 1
[info]  
[info] i  emulators: Received SIGHUP for the first time. Starting a clean shutdown. 
[info] i  emulators: Please wait for a clean shutdown or send the SIGHUP signal again to stop right now. 
[info] i  emulators: Shutting down emulators. {"metadata":{"emulator":{"name":"hub"},"message":"Shutting down emulators."}}
[info] i  ui: Stopping Emulator UI {"metadata":{"emulator":{"name":"ui"},"message":"Stopping Emulator UI"}}
[info] i  firestore: Stopping Firestore Emulator {"metadata":{"emulator":{"name":"firestore"},"message":"Stopping Firestore Emulator"}}
[warn] !  Firestore Emulator has exited upon receiving signal: SIGINT 
[info] i  auth: Stopping Authentication Emulator {"metadata":{"emulator":{"name":"auth"},"message":"Stopping Authentication Emulator"}}
[info] i  storage: Stopping Storage Emulator {"metadata":{"emulator":{"name":"storage"},"message":"Stopping Storage Emulator"}}
[debug] [2025-09-07T14:27:45.074Z] Stopping rules runtime. {"metadata":{"emulator":{"name":"storage"},"message":"Stopping rules runtime."}}
[info] i  hub: Stopping emulator hub {"metadata":{"emulator":{"name":"hub"},"message":"Stopping emulator hub"}}
[info] i  logging: Stopping Logging Emulator {"metadata":{"emulator":{"name":"logging"},"message":"Stopping Logging Emulator"}}
[debug] [2025-09-07T14:27:45.078Z] Could not find VSCode notification endpoint: FetchError: request to http://localhost:40001/vscode/notify failed, reason: . If you are not running the Firebase Data Connect VSCode extension, this is expected and not an issue.
